<?xml version="1.0" encoding="UTF-8"?>
<testsuite xmlns:xsi="http://www.w3.org/2001/XMLSchema-instance" xsi:noNamespaceSchemaLocation="https://maven.apache.org/surefire/maven-surefire-plugin/xsd/surefire-test-report.xsd" name="com.example.TextFormatterTest" time="0.033" tests="3" errors="0" skipped="0" failures="0">
  <properties>
[...]
</properties>
  <testcase name="shouldThrowExceptionWhenInputIsNull" classname="com.example.TextFormatterTest" time="0.019"/>
  <testcase name="shouldConvertNormalTextToUppercase" classname="com.example.TextFormatterTest" time="0"/>
  <testcase name="shouldTrimSurroundingWhitespace" classname="com.example.TextFormatterTest" time="0"/>
</testsuite>